<?xml version="1.0" encoding="UTF-8"?>
<!-- Generated by org.testng.reporters.JUnitReportReporter -->
<testsuite hostname="DESKTOP-T8KK8TA" failures="0" tests="3" name="SearchPage.Search" time="7.963" errors="0" timestamp="2023-10-12T20:49:47 ICT" skipped="0">
  <testcase classname="SearchPage.Search" name="testSearch1_With_EmptyData" time="2.072"/>
  <testcase classname="SearchPage.Search" name="testSearch2_Data_Not_Exist" time="3.323"/>
  <testcase classname="SearchPage.Search" name="testSearch3_ProductName_Absolute" time="2.568"/>
</testsuite> <!-- SearchPage.Search -->
