<?xml version="1.0" encoding="UTF-8"?>
<!-- Generated by org.testng.reporters.JUnitReportReporter -->
<testsuite hostname="DESKTOP-T8KK8TA" failures="0" tests="6" name="LoginPage.Login" time="25.320" errors="0" timestamp="2023-10-12T20:49:47 ICT" skipped="0">
  <testcase classname="LoginPage.Login" name="testLogin6_CorrectInformation" time="3.718"/>
  <testcase classname="LoginPage.Login" name="testLogin3_Unregistered_Email" time="6.657"/>
  <testcase classname="LoginPage.Login" name="testLogin4_RegisteredEmail_And_EmptyPass" time="4.154"/>
  <testcase classname="LoginPage.Login" name="testLogin2_InvalidEmail" time="4.180"/>
  <testcase classname="LoginPage.Login" name="testLogin1_EmptyData" time="3.241"/>
  <testcase classname="LoginPage.Login" name="testLogin5_RegisteredEmail_And_WrongPass" time="3.370"/>
</testsuite> <!-- LoginPage.Login -->
