<?xml version="1.0" encoding="UTF-8"?>
<!-- Generated by org.testng.reporters.JUnitReportReporter -->
<testsuite hostname="DESKTOP-T8KK8TA" failures="0" tests="1" name="TestSite.TestLogin" time="9.787" errors="0" timestamp="2023-09-04T18:04:33 ICT" skipped="0">
  <testcase classname="TestSite.TestLogin" name="testLogin" time="9.787"/>
</testsuite> <!-- TestSite.TestLogin -->
