<?xml version="1.0" encoding="UTF-8"?>
<!-- Generated by org.testng.reporters.JUnitReportReporter -->
<testsuite hostname="DESKTOP-T8KK8TA" failures="0" tests="1" name="TestSite.NewTest" time="0.009" errors="0" timestamp="2023-10-05T22:15:27 ICT" skipped="0">
  <testcase classname="TestSite.NewTest" name="f" time="0.009"/>
</testsuite> <!-- TestSite.NewTest -->
