<?xml version="1.0" encoding="UTF-8"?>
<!-- Generated by org.testng.reporters.JUnitReportReporter -->
<testsuite hostname="DESKTOP-T8KK8TA" failures="0" tests="1" name="MyAccountPage.AccountPage" time="9.087" errors="0" timestamp="2023-10-10T20:57:06 ICT" skipped="0">
  <testcase classname="MyAccountPage.AccountPage" name="testMyAcc1_Update_Information_Cus" time="9.087"/>
</testsuite> <!-- MyAccountPage.AccountPage -->
