<?xml version="1.0" encoding="UTF-8"?>
<!-- Generated by org.testng.reporters.JUnitReportReporter -->
<testsuite hostname="DESKTOP-T8KK8TA" failures="0" tests="1" name="LoginPage.Login" time="4.504" errors="0" timestamp="2023-10-10T20:56:42 ICT" skipped="0">
  <testcase classname="LoginPage.Login" name="testLogin2_InvalidEmail" time="4.504"/>
</testsuite> <!-- LoginPage.Login -->
