<?xml version="1.0" encoding="UTF-8"?>
<!-- Generated by org.testng.reporters.JUnitReportReporter -->
<testsuite hostname="DESKTOP-T8KK8TA" failures="0" tests="6" name="RegisterPage.Register" time="22.440" errors="0" timestamp="2023-10-10T20:49:05 ICT" skipped="0">
  <testcase classname="RegisterPage.Register" name="testRegister4_Email_already_exists" time="3.594"/>
  <testcase classname="RegisterPage.Register" name="testRegister6_Password_different_ConfirmPass" time="3.142"/>
  <testcase classname="RegisterPage.Register" name="testRegister5_Password_is_less_than_6_characters" time="5.418"/>
  <testcase classname="RegisterPage.Register" name="testRegister2_InvalidEmail" time="3.319"/>
  <testcase classname="RegisterPage.Register" name="testRegister1_EmptyData" time="3.017"/>
  <testcase classname="RegisterPage.Register" name="testRegister3_CorrectInformation" time="3.950"/>
</testsuite> <!-- RegisterPage.Register -->
