<?xml version="1.0" encoding="UTF-8"?>
<!-- Generated by org.testng.reporters.JUnitReportReporter -->
<testsuite hostname="DESKTOP-T8KK8TA" failures="0" tests="6" name="RegisterPage.Register" time="23.376" errors="0" timestamp="2023-10-12T20:49:47 ICT" skipped="0">
  <testcase classname="RegisterPage.Register" name="testRegister2_InvalidEmail" time="3.192"/>
  <testcase classname="RegisterPage.Register" name="testRegister1_EmptyData" time="2.964"/>
  <testcase classname="RegisterPage.Register" name="testRegister3_CorrectInformation" time="4.132"/>
  <testcase classname="RegisterPage.Register" name="testRegister4_Email_already_exists" time="5.772"/>
  <testcase classname="RegisterPage.Register" name="testRegister6_Password_different_ConfirmPass" time="3.944"/>
  <testcase classname="RegisterPage.Register" name="testRegister5_Password_is_less_than_6_characters" time="3.372"/>
</testsuite> <!-- RegisterPage.Register -->
